<?xml version="1.0" encoding="UTF-8"?>
<!-- Generated by org.testng.reporters.JUnitXMLReporter -->
<testsuite ignored="0" hostname="LTIN233926" failures="0" tests="13" name="Default test" time="98.474" errors="0" timestamp="2024-02-02T13:04:19 IST">
  <testcase classname="testCases.TC001_SearchHomePage" name="searchHomePage" time="6.412"/>
  <testcase classname="testCases.TC002_WebDevelopmentPage" name="levelSelector" time="3.948"/>
  <testcase classname="testCases.TC002_WebDevelopmentPage" name="languageSelect" time="6.983"/>
  <testcase classname="testCases.TC002_WebDevelopmentPage" name="Result" time="2.088"/>
  <testcase classname="testCases.TC002_WebDevelopmentPage" name="deatilsFirstCard" time="0.35"/>
  <testcase classname="testCases.TC002_WebDevelopmentPage" name="Headings" time="6.544"/>
  <testcase classname="testCases.TC001_SearchHomePage" name="Search2" time="6.036"/>
  <testcase classname="testCases.TC003_LanguageLearning" name="displayLevels" time="0.272"/>
  <testcase classname="testCases.TC003_LanguageLearning" name="displayLanguages" time="12.031"/>
  <testcase classname="testCases.TC001_SearchHomePage" name="ThirdtimeHomepage" time="14.493"/>
  <testcase classname="testCases.TC004_BusinessCoursera" name="clickSolution" time="6.21"/>
  <testcase classname="testCases.TC004_BusinessCoursera" name="clickContactUs" time="5.986"/>
  <testcase classname="testCases.TC004_BusinessCoursera" name="details" time="1.273"/>
</testsuite> <!-- Default test -->
