<?xml version="1.0" encoding="UTF-8"?>
<!-- Generated by org.testng.reporters.JUnitXMLReporter -->
<testsuite ignored="0" hostname="LTIN233583" failures="0" tests="13" name="test2" time="271.676" errors="0" timestamp="2024-02-06T12:12:37 IST">
  <testcase classname="testCases.TC001_SearchHomePage" name="searchHomePage" time="12.608"/>
  <testcase classname="testCases.TC002_WebDevelopmentPage" name="levelSelector" time="3.807"/>
  <testcase classname="testCases.TC002_WebDevelopmentPage" name="languageSelect" time="6.661"/>
  <testcase classname="testCases.TC002_WebDevelopmentPage" name="Result" time="2.071"/>
  <testcase classname="testCases.TC002_WebDevelopmentPage" name="deatilsFirstCard" time="3.868"/>
  <testcase classname="testCases.TC002_WebDevelopmentPage" name="Headings" time="16.481"/>
  <testcase classname="testCases.TC001_SearchHomePage" name="Search2" time="63.497"/>
  <testcase classname="testCases.TC003_LanguageLearning" name="displayLevels" time="1.374"/>
  <testcase classname="testCases.TC003_LanguageLearning" name="displayLanguages" time="36.602"/>
  <testcase classname="testCases.TC001_SearchHomePage" name="ThirdtimeHomepage" time="57.519"/>
  <testcase classname="testCases.TC004_BusinessCoursera" name="clickSolution" time="22.916"/>
  <testcase classname="testCases.TC004_BusinessCoursera" name="clickContactUs" time="7.95"/>
  <testcase classname="testCases.TC004_BusinessCoursera" name="details" time="6.281"/>
</testsuite> <!-- test2 -->
